[0.008s] Invoking command in '/home/compo/team_ws/src/build/robot': CMAKE_PREFIX_PATH=${CMAKE_PREFIX_PATH}:/opt/ros/humble /usr/bin/cmake /home/compo/team_ws/src/robot -DAMENT_CMAKE_SYMLINK_INSTALL=1 -DCMAKE_INSTALL_PREFIX=/home/compo/team_ws/src/install/robot
[1.288s] -- The C compiler identification is GNU 11.4.0
[2.168s] -- The CXX compiler identification is GNU 11.4.0
[2.190s] -- Detecting C compiler ABI info
[2.302s] -- Detecting C compiler ABI info - done
[2.308s] -- Check for working C compiler: /usr/bin/cc - skipped
[2.308s] -- Detecting C compile features
[2.336s] -- Detecting C compile features - done
[2.338s] -- Detecting CXX compiler ABI info
[2.433s] -- Detecting CXX compiler ABI info - done
[2.439s] -- Check for working CXX compiler: /usr/bin/c++ - skipped
[2.440s] -- Detecting CXX compile features
[2.440s] -- Detecting CXX compile features - done
[2.523s] -- Found ament_cmake: 1.3.9 (/opt/ros/humble/share/ament_cmake/cmake)
[2.932s] -- Found Python3: /usr/bin/python3 (found version "3.10.12") found components: Interpreter 
[3.257s] -- Override CMake install command with custom implementation using symlinks instead of copying resources
[3.498s] -- Found ament_lint_auto: 0.12.11 (/opt/ros/humble/share/ament_lint_auto/cmake)
[3.647s] -- Added test 'lint_cmake' to check CMake code style
[3.649s] -- Added test 'xmllint' to check XML markup files
[3.650s] -- Configuring done
[3.652s] -- Generating done
[3.653s] -- Build files have been written to: /home/compo/team_ws/src/build/robot
[3.658s] Invoked command in '/home/compo/team_ws/src/build/robot' returned '0': CMAKE_PREFIX_PATH=${CMAKE_PREFIX_PATH}:/opt/ros/humble /usr/bin/cmake /home/compo/team_ws/src/robot -DAMENT_CMAKE_SYMLINK_INSTALL=1 -DCMAKE_INSTALL_PREFIX=/home/compo/team_ws/src/install/robot
[3.659s] Invoking command in '/home/compo/team_ws/src/build/robot': CMAKE_PREFIX_PATH=${CMAKE_PREFIX_PATH}:/opt/ros/humble /usr/bin/cmake --build /home/compo/team_ws/src/build/robot -- -j8 -l8
[3.688s] Invoked command in '/home/compo/team_ws/src/build/robot' returned '0': CMAKE_PREFIX_PATH=${CMAKE_PREFIX_PATH}:/opt/ros/humble /usr/bin/cmake --build /home/compo/team_ws/src/build/robot -- -j8 -l8
[3.714s] Invoking command in '/home/compo/team_ws/src/build/robot': CMAKE_PREFIX_PATH=${CMAKE_PREFIX_PATH}:/opt/ros/humble /usr/bin/cmake --install /home/compo/team_ws/src/build/robot
[3.721s] -- Install configuration: ""
[3.721s] -- Execute custom install script
[3.721s] -- Symlinking: /home/compo/team_ws/src/install/robot/share/ament_index/resource_index/package_run_dependencies/robot
[3.728s] -- Symlinking: /home/compo/team_ws/src/install/robot/share/ament_index/resource_index/parent_prefix_path/robot
[3.736s] -- Symlinking: /home/compo/team_ws/src/install/robot/share/robot/environment/ament_prefix_path.sh
[3.744s] -- Symlinking: /home/compo/team_ws/src/install/robot/share/robot/environment/ament_prefix_path.dsv
[3.751s] -- Symlinking: /home/compo/team_ws/src/install/robot/share/robot/environment/path.sh
[3.758s] -- Symlinking: /home/compo/team_ws/src/install/robot/share/robot/environment/path.dsv
[3.765s] -- Symlinking: /home/compo/team_ws/src/install/robot/share/robot/local_setup.bash
[3.772s] -- Symlinking: /home/compo/team_ws/src/install/robot/share/robot/local_setup.sh
[3.779s] -- Symlinking: /home/compo/team_ws/src/install/robot/share/robot/local_setup.zsh
[3.785s] -- Symlinking: /home/compo/team_ws/src/install/robot/share/robot/local_setup.dsv
[3.792s] -- Symlinking: /home/compo/team_ws/src/install/robot/share/robot/package.dsv
[3.799s] -- Symlinking: /home/compo/team_ws/src/install/robot/share/ament_index/resource_index/packages/robot
[3.806s] -- Symlinking: /home/compo/team_ws/src/install/robot/share/robot/cmake/robotConfig.cmake
[3.813s] -- Symlinking: /home/compo/team_ws/src/install/robot/share/robot/cmake/robotConfig-version.cmake
[3.820s] -- Symlinking: /home/compo/team_ws/src/install/robot/share/robot/package.xml
[3.828s] Invoked command in '/home/compo/team_ws/src/build/robot' returned '0': CMAKE_PREFIX_PATH=${CMAKE_PREFIX_PATH}:/opt/ros/humble /usr/bin/cmake --install /home/compo/team_ws/src/build/robot
