[0.009s] Invoking command in '/home/compo/team_ws/build/robot': CMAKE_PREFIX_PATH=${CMAKE_PREFIX_PATH}:/opt/ros/humble /usr/bin/cmake --build /home/compo/team_ws/build/robot -- -j8 -l8
[0.040s] Invoked command in '/home/compo/team_ws/build/robot' returned '0': CMAKE_PREFIX_PATH=${CMAKE_PREFIX_PATH}:/opt/ros/humble /usr/bin/cmake --build /home/compo/team_ws/build/robot -- -j8 -l8
[0.065s] Invoking command in '/home/compo/team_ws/build/robot': CMAKE_PREFIX_PATH=${CMAKE_PREFIX_PATH}:/opt/ros/humble /usr/bin/cmake --install /home/compo/team_ws/build/robot
[0.071s] -- Install configuration: ""
[0.072s] -- Execute custom install script
[0.072s] -- Up-to-date symlink: /home/compo/team_ws/install/robot/lib/robot/teleop_keyboard.py
[0.072s] -- Up-to-date symlink: /home/compo/team_ws/install/robot/share/robot/launch/joystick.launch.py
[0.073s] -- Up-to-date symlink: /home/compo/team_ws/install/robot/share/robot/launch/launch_teleop.launch.py
[0.073s] -- Up-to-date symlink: /home/compo/team_ws/install/robot/share/robot/config/joystick.yaml
[0.073s] -- Up-to-date symlink: /home/compo/team_ws/install/robot/share/ament_index/resource_index/package_run_dependencies/robot
[0.073s] -- Up-to-date symlink: /home/compo/team_ws/install/robot/share/ament_index/resource_index/parent_prefix_path/robot
[0.073s] -- Up-to-date symlink: /home/compo/team_ws/install/robot/share/robot/environment/ament_prefix_path.sh
[0.074s] -- Up-to-date symlink: /home/compo/team_ws/install/robot/share/robot/environment/ament_prefix_path.dsv
[0.074s] -- Up-to-date symlink: /home/compo/team_ws/install/robot/share/robot/environment/path.sh
[0.074s] -- Up-to-date symlink: /home/compo/team_ws/install/robot/share/robot/environment/path.dsv
[0.074s] -- Up-to-date symlink: /home/compo/team_ws/install/robot/share/robot/local_setup.bash
[0.074s] -- Up-to-date symlink: /home/compo/team_ws/install/robot/share/robot/local_setup.sh
[0.074s] -- Up-to-date symlink: /home/compo/team_ws/install/robot/share/robot/local_setup.zsh
[0.074s] -- Up-to-date symlink: /home/compo/team_ws/install/robot/share/robot/local_setup.dsv
[0.074s] -- Symlinking: /home/compo/team_ws/install/robot/share/robot/package.dsv
[0.082s] -- Up-to-date symlink: /home/compo/team_ws/install/robot/share/ament_index/resource_index/packages/robot
[0.082s] -- Up-to-date symlink: /home/compo/team_ws/install/robot/share/robot/cmake/ament_cmake_export_dependencies-extras.cmake
[0.082s] -- Up-to-date symlink: /home/compo/team_ws/install/robot/share/robot/cmake/robotConfig.cmake
[0.082s] -- Up-to-date symlink: /home/compo/team_ws/install/robot/share/robot/cmake/robotConfig-version.cmake
[0.082s] -- Up-to-date symlink: /home/compo/team_ws/install/robot/share/robot/package.xml
[0.084s] Invoked command in '/home/compo/team_ws/build/robot' returned '0': CMAKE_PREFIX_PATH=${CMAKE_PREFIX_PATH}:/opt/ros/humble /usr/bin/cmake --install /home/compo/team_ws/build/robot
