[0.245s] Invoking command in '/home/compo/team_ws/build/robot': CMAKE_PREFIX_PATH=${CMAKE_PREFIX_PATH}:/home/compo/team_ws/install/joy_tester:/opt/ros/humble /usr/bin/cmake --build /home/compo/team_ws/build/robot -- -j8 -l8
[0.319s] -- Found ament_cmake: 1.3.9 (/opt/ros/humble/share/ament_cmake/cmake)
[0.452s] -- Override CMake install command with custom implementation using symlinks instead of copying resources
[0.561s] -- Found rclpy: 3.3.13 (/opt/ros/humble/share/rclpy/cmake)
[0.561s] -- Found geometry_msgs: 4.2.4 (/opt/ros/humble/share/geometry_msgs/cmake)
[0.600s] -- Found rosidl_generator_c: 3.1.5 (/opt/ros/humble/share/rosidl_generator_c/cmake)
[0.603s] -- Found rosidl_adapter: 3.1.5 (/opt/ros/humble/share/rosidl_adapter/cmake)
[0.609s] -- Found rosidl_generator_cpp: 3.1.5 (/opt/ros/humble/share/rosidl_generator_cpp/cmake)
[0.620s] -- Using all available rosidl_typesupport_c: rosidl_typesupport_fastrtps_c;rosidl_typesupport_introspection_c
[0.636s] -- Using all available rosidl_typesupport_cpp: rosidl_typesupport_fastrtps_cpp;rosidl_typesupport_introspection_cpp
[0.771s] -- Found ament_lint_auto: 0.12.11 (/opt/ros/humble/share/ament_lint_auto/cmake)
[0.865s] -- Added test 'copyright' to check source files copyright and LICENSE
[0.873s] -- Added test 'cppcheck' to perform static code analysis on C / C++ code
[0.873s] -- Configured cppcheck include dirs: 
[0.873s] -- Configured cppcheck exclude dirs and/or files: 
[0.881s] -- Added test 'cpplint' to check C / C++ code against the Google style
[0.881s] -- Configured cpplint exclude dirs and/or files: 
[0.882s] -- Added test 'flake8' to check Python code syntax and style conventions
[0.884s] -- Added test 'lint_cmake' to check CMake code style
[0.886s] -- Added test 'pep257' to check Python code against some of the docstring style conventions in PEP 257
[0.893s] -- Added test 'uncrustify' to check C / C++ code style
[0.893s] -- Configured uncrustify additional arguments: 
[0.894s] -- Added test 'xmllint' to check XML markup files
[0.897s] -- Configuring done
[0.902s] -- Generating done
[0.904s] -- Build files have been written to: /home/compo/team_ws/build/robot
[0.927s] Invoked command in '/home/compo/team_ws/build/robot' returned '0': CMAKE_PREFIX_PATH=${CMAKE_PREFIX_PATH}:/home/compo/team_ws/install/joy_tester:/opt/ros/humble /usr/bin/cmake --build /home/compo/team_ws/build/robot -- -j8 -l8
[0.958s] Invoking command in '/home/compo/team_ws/build/robot': CMAKE_PREFIX_PATH=${CMAKE_PREFIX_PATH}:/home/compo/team_ws/install/joy_tester:/opt/ros/humble /usr/bin/cmake --install /home/compo/team_ws/build/robot
[0.966s] -- Install configuration: ""
[0.966s] -- Execute custom install script
[0.966s] -- Up-to-date symlink: /home/compo/team_ws/install/robot/lib/robot/teleop_keyboard.py
[0.966s] -- Up-to-date symlink: /home/compo/team_ws/install/robot/share/robot/launch/joystick.launch.py
[0.967s] -- Symlinking: /home/compo/team_ws/install/robot/share/robot/launch/launch_robot.launch.py
[0.981s] -- Up-to-date symlink: /home/compo/team_ws/install/robot/share/robot/launch/launch_teleop.launch.py
[0.981s] -- Up-to-date symlink: /home/compo/team_ws/install/robot/share/robot/launch/launch_teleop_joystick.launch.py
[0.982s] -- Symlinking: /home/compo/team_ws/install/robot/share/robot/urdf/gazebo_control.xacro
[0.991s] -- Symlinking: /home/compo/team_ws/install/robot/share/robot/urdf/inertial_macros.xacro
[1.000s] -- Symlinking: /home/compo/team_ws/install/robot/share/robot/urdf/robot.urdf.xacro
[1.009s] -- Symlinking: /home/compo/team_ws/install/robot/share/robot/urdf/robot_core.xacro
[1.019s] -- Up-to-date symlink: /home/compo/team_ws/install/robot/share/robot/config/joystick.yaml
[1.019s] -- Up-to-date symlink: /home/compo/team_ws/install/robot/share/ament_index/resource_index/package_run_dependencies/robot
[1.019s] -- Up-to-date symlink: /home/compo/team_ws/install/robot/share/ament_index/resource_index/parent_prefix_path/robot
[1.020s] -- Up-to-date symlink: /home/compo/team_ws/install/robot/share/robot/environment/ament_prefix_path.sh
[1.020s] -- Up-to-date symlink: /home/compo/team_ws/install/robot/share/robot/environment/ament_prefix_path.dsv
[1.020s] -- Up-to-date symlink: /home/compo/team_ws/install/robot/share/robot/environment/path.sh
[1.021s] -- Up-to-date symlink: /home/compo/team_ws/install/robot/share/robot/environment/path.dsv
[1.021s] -- Up-to-date symlink: /home/compo/team_ws/install/robot/share/robot/local_setup.bash
[1.021s] -- Up-to-date symlink: /home/compo/team_ws/install/robot/share/robot/local_setup.sh
[1.021s] -- Up-to-date symlink: /home/compo/team_ws/install/robot/share/robot/local_setup.zsh
[1.032s] -- Up-to-date symlink: /home/compo/team_ws/install/robot/share/robot/local_setup.dsv
[1.032s] -- Symlinking: /home/compo/team_ws/install/robot/share/robot/package.dsv
[1.042s] -- Up-to-date symlink: /home/compo/team_ws/install/robot/share/ament_index/resource_index/packages/robot
[1.042s] -- Up-to-date symlink: /home/compo/team_ws/install/robot/share/robot/cmake/ament_cmake_export_dependencies-extras.cmake
[1.042s] -- Up-to-date symlink: /home/compo/team_ws/install/robot/share/robot/cmake/robotConfig.cmake
[1.042s] -- Up-to-date symlink: /home/compo/team_ws/install/robot/share/robot/cmake/robotConfig-version.cmake
[1.043s] -- Up-to-date symlink: /home/compo/team_ws/install/robot/share/robot/package.xml
[1.045s] Invoked command in '/home/compo/team_ws/build/robot' returned '0': CMAKE_PREFIX_PATH=${CMAKE_PREFIX_PATH}:/home/compo/team_ws/install/joy_tester:/opt/ros/humble /usr/bin/cmake --install /home/compo/team_ws/build/robot
