[0.009s] Invoking command in '/home/compo/team_ws/build/robot': CMAKE_PREFIX_PATH=${CMAKE_PREFIX_PATH}:/opt/ros/humble /usr/bin/cmake /home/compo/team_ws/src/robot -DCMAKE_INSTALL_PREFIX=/home/compo/team_ws/install/robot
[0.054s] -- The C compiler identification is GNU 11.4.0
[0.097s] -- The CXX compiler identification is GNU 11.4.0
[0.103s] -- Detecting C compiler ABI info
[0.160s] -- Detecting C compiler ABI info - done
[0.166s] -- Check for working C compiler: /usr/bin/cc - skipped
[0.166s] -- Detecting C compile features
[0.166s] -- Detecting C compile features - done
[0.168s] -- Detecting CXX compiler ABI info
[0.230s] -- Detecting CXX compiler ABI info - done
[0.237s] -- Check for working CXX compiler: /usr/bin/c++ - skipped
[0.237s] -- Detecting CXX compile features
[0.238s] -- Detecting CXX compile features - done
[0.239s] -- Found ament_cmake: 1.3.9 (/opt/ros/humble/share/ament_cmake/cmake)
[0.524s] -- Found Python3: /usr/bin/python3 (found version "3.10.12") found components: Interpreter 
[0.596s] -- Found rclpy: 3.3.13 (/opt/ros/humble/share/rclpy/cmake)
[0.597s] -- Found geometry_msgs: 4.2.4 (/opt/ros/humble/share/geometry_msgs/cmake)
[0.629s] -- Found rosidl_generator_c: 3.1.5 (/opt/ros/humble/share/rosidl_generator_c/cmake)
[0.634s] -- Found rosidl_adapter: 3.1.5 (/opt/ros/humble/share/rosidl_adapter/cmake)
[0.641s] -- Found rosidl_generator_cpp: 3.1.5 (/opt/ros/humble/share/rosidl_generator_cpp/cmake)
[0.653s] -- Using all available rosidl_typesupport_c: rosidl_typesupport_fastrtps_c;rosidl_typesupport_introspection_c
[0.671s] -- Using all available rosidl_typesupport_cpp: rosidl_typesupport_fastrtps_cpp;rosidl_typesupport_introspection_cpp
[0.805s] -- Found ament_lint_auto: 0.12.11 (/opt/ros/humble/share/ament_lint_auto/cmake)
[0.889s] -- Added test 'copyright' to check source files copyright and LICENSE
[0.893s] -- Added test 'cppcheck' to perform static code analysis on C / C++ code
[0.894s] -- Configured cppcheck include dirs: 
[0.894s] -- Configured cppcheck exclude dirs and/or files: 
[0.897s] -- Added test 'cpplint' to check C / C++ code against the Google style
[0.897s] -- Configured cpplint exclude dirs and/or files: 
[0.898s] -- Added test 'flake8' to check Python code syntax and style conventions
[0.900s] -- Added test 'lint_cmake' to check CMake code style
[0.901s] -- Added test 'pep257' to check Python code against some of the docstring style conventions in PEP 257
[0.904s] -- Added test 'uncrustify' to check C / C++ code style
[0.905s] -- Configured uncrustify additional arguments: 
[0.906s] -- Added test 'xmllint' to check XML markup files
[0.908s] -- Configuring done
[0.913s] -- Generating done
[0.915s] -- Build files have been written to: /home/compo/team_ws/build/robot
[0.922s] Invoked command in '/home/compo/team_ws/build/robot' returned '0': CMAKE_PREFIX_PATH=${CMAKE_PREFIX_PATH}:/opt/ros/humble /usr/bin/cmake /home/compo/team_ws/src/robot -DCMAKE_INSTALL_PREFIX=/home/compo/team_ws/install/robot
[0.925s] Invoking command in '/home/compo/team_ws/build/robot': CMAKE_PREFIX_PATH=${CMAKE_PREFIX_PATH}:/opt/ros/humble /usr/bin/cmake --build /home/compo/team_ws/build/robot -- -j8 -l8
[0.963s] Invoked command in '/home/compo/team_ws/build/robot' returned '0': CMAKE_PREFIX_PATH=${CMAKE_PREFIX_PATH}:/opt/ros/humble /usr/bin/cmake --build /home/compo/team_ws/build/robot -- -j8 -l8
[0.991s] Invoking command in '/home/compo/team_ws/build/robot': CMAKE_PREFIX_PATH=${CMAKE_PREFIX_PATH}:/opt/ros/humble /usr/bin/cmake --install /home/compo/team_ws/build/robot
[0.999s] -- Install configuration: ""
[0.999s] -- Installing: /home/compo/team_ws/install/robot/lib/robot/teleop.py
[0.999s] -- Installing: /home/compo/team_ws/install/robot/share/robot//launch
[0.999s] -- Installing: /home/compo/team_ws/install/robot/share/robot//launch/launch_teleop.launch.py
[0.999s] -- Installing: /home/compo/team_ws/install/robot/share/ament_index/resource_index/package_run_dependencies/robot
[1.000s] -- Installing: /home/compo/team_ws/install/robot/share/ament_index/resource_index/parent_prefix_path/robot
[1.000s] -- Installing: /home/compo/team_ws/install/robot/share/robot/environment/ament_prefix_path.sh
[1.000s] -- Installing: /home/compo/team_ws/install/robot/share/robot/environment/ament_prefix_path.dsv
[1.000s] -- Installing: /home/compo/team_ws/install/robot/share/robot/environment/path.sh
[1.000s] -- Installing: /home/compo/team_ws/install/robot/share/robot/environment/path.dsv
[1.000s] -- Installing: /home/compo/team_ws/install/robot/share/robot/local_setup.bash
[1.001s] -- Installing: /home/compo/team_ws/install/robot/share/robot/local_setup.sh
[1.001s] -- Installing: /home/compo/team_ws/install/robot/share/robot/local_setup.zsh
[1.001s] -- Installing: /home/compo/team_ws/install/robot/share/robot/local_setup.dsv
[1.001s] -- Installing: /home/compo/team_ws/install/robot/share/robot/package.dsv
[1.001s] -- Installing: /home/compo/team_ws/install/robot/share/ament_index/resource_index/packages/robot
[1.001s] -- Installing: /home/compo/team_ws/install/robot/share/robot/cmake/ament_cmake_export_dependencies-extras.cmake
[1.001s] -- Installing: /home/compo/team_ws/install/robot/share/robot/cmake/robotConfig.cmake
[1.001s] -- Installing: /home/compo/team_ws/install/robot/share/robot/cmake/robotConfig-version.cmake
[1.001s] -- Installing: /home/compo/team_ws/install/robot/share/robot/package.xml
[1.003s] Invoked command in '/home/compo/team_ws/build/robot' returned '0': CMAKE_PREFIX_PATH=${CMAKE_PREFIX_PATH}:/opt/ros/humble /usr/bin/cmake --install /home/compo/team_ws/build/robot
