[0.010s] Invoking command in '/home/compo/team_ws/build/robot': CMAKE_PREFIX_PATH=${CMAKE_PREFIX_PATH}:/opt/ros/humble /usr/bin/cmake --build /home/compo/team_ws/build/robot -- -j8 -l8
[0.028s] -- Found ament_cmake: 1.3.9 (/opt/ros/humble/share/ament_cmake/cmake)
[0.133s] -- Found rclpy: 3.3.13 (/opt/ros/humble/share/rclpy/cmake)
[0.133s] -- Found geometry_msgs: 4.2.4 (/opt/ros/humble/share/geometry_msgs/cmake)
[0.155s] -- Found rosidl_generator_c: 3.1.5 (/opt/ros/humble/share/rosidl_generator_c/cmake)
[0.158s] -- Found rosidl_adapter: 3.1.5 (/opt/ros/humble/share/rosidl_adapter/cmake)
[0.163s] -- Found rosidl_generator_cpp: 3.1.5 (/opt/ros/humble/share/rosidl_generator_cpp/cmake)
[0.172s] -- Using all available rosidl_typesupport_c: rosidl_typesupport_fastrtps_c;rosidl_typesupport_introspection_c
[0.187s] -- Using all available rosidl_typesupport_cpp: rosidl_typesupport_fastrtps_cpp;rosidl_typesupport_introspection_cpp
[0.297s] -- Found ament_lint_auto: 0.12.11 (/opt/ros/humble/share/ament_lint_auto/cmake)
[0.354s] -- Added test 'copyright' to check source files copyright and LICENSE
[0.356s] -- Added test 'cppcheck' to perform static code analysis on C / C++ code
[0.356s] -- Configured cppcheck include dirs: 
[0.356s] -- Configured cppcheck exclude dirs and/or files: 
[0.358s] -- Added test 'cpplint' to check C / C++ code against the Google style
[0.358s] -- Configured cpplint exclude dirs and/or files: 
[0.359s] -- Added test 'flake8' to check Python code syntax and style conventions
[0.360s] -- Added test 'lint_cmake' to check CMake code style
[0.360s] -- Added test 'pep257' to check Python code against some of the docstring style conventions in PEP 257
[0.362s] -- Added test 'uncrustify' to check C / C++ code style
[0.362s] -- Configured uncrustify additional arguments: 
[0.363s] -- Added test 'xmllint' to check XML markup files
[0.363s] -- Configuring done
[0.366s] -- Generating done
[0.367s] -- Build files have been written to: /home/compo/team_ws/build/robot
[0.387s] Invoked command in '/home/compo/team_ws/build/robot' returned '0': CMAKE_PREFIX_PATH=${CMAKE_PREFIX_PATH}:/opt/ros/humble /usr/bin/cmake --build /home/compo/team_ws/build/robot -- -j8 -l8
[0.412s] Invoking command in '/home/compo/team_ws/build/robot': CMAKE_PREFIX_PATH=${CMAKE_PREFIX_PATH}:/opt/ros/humble /usr/bin/cmake --install /home/compo/team_ws/build/robot
[0.418s] -- Install configuration: ""
[0.418s] -- Installing: /home/compo/team_ws/install/robot/lib/robot/teleop.py
[0.418s] -- Up-to-date: /home/compo/team_ws/install/robot/share/robot/launch
[0.418s] -- Installing: /home/compo/team_ws/install/robot/share/robot/launch/launch_teleop.launch.py
[0.418s] -- Up-to-date: /home/compo/team_ws/install/robot/share/ament_index/resource_index/package_run_dependencies/robot
[0.418s] -- Up-to-date: /home/compo/team_ws/install/robot/share/ament_index/resource_index/parent_prefix_path/robot
[0.419s] -- Up-to-date: /home/compo/team_ws/install/robot/share/robot/environment/ament_prefix_path.sh
[0.419s] -- Installing: /home/compo/team_ws/install/robot/share/robot/environment/ament_prefix_path.dsv
[0.419s] -- Up-to-date: /home/compo/team_ws/install/robot/share/robot/environment/path.sh
[0.419s] -- Installing: /home/compo/team_ws/install/robot/share/robot/environment/path.dsv
[0.419s] -- Up-to-date: /home/compo/team_ws/install/robot/share/robot/local_setup.bash
[0.419s] -- Up-to-date: /home/compo/team_ws/install/robot/share/robot/local_setup.sh
[0.419s] -- Up-to-date: /home/compo/team_ws/install/robot/share/robot/local_setup.zsh
[0.419s] -- Installing: /home/compo/team_ws/install/robot/share/robot/local_setup.dsv
[0.420s] -- Installing: /home/compo/team_ws/install/robot/share/robot/package.dsv
[0.420s] -- Up-to-date: /home/compo/team_ws/install/robot/share/ament_index/resource_index/packages/robot
[0.420s] -- Up-to-date: /home/compo/team_ws/install/robot/share/robot/cmake/ament_cmake_export_dependencies-extras.cmake
[0.420s] -- Up-to-date: /home/compo/team_ws/install/robot/share/robot/cmake/robotConfig.cmake
[0.420s] -- Up-to-date: /home/compo/team_ws/install/robot/share/robot/cmake/robotConfig-version.cmake
[0.420s] -- Up-to-date: /home/compo/team_ws/install/robot/share/robot/package.xml
[0.422s] Invoked command in '/home/compo/team_ws/build/robot' returned '0': CMAKE_PREFIX_PATH=${CMAKE_PREFIX_PATH}:/opt/ros/humble /usr/bin/cmake --install /home/compo/team_ws/build/robot
