-- Found ament_cmake: 1.3.9 (/opt/ros/humble/share/ament_cmake/cmake)
-- Override CMake install command with custom implementation using symlinks instead of copying resources
-- Found rclpy: 3.3.13 (/opt/ros/humble/share/rclpy/cmake)
-- Found geometry_msgs: 4.2.4 (/opt/ros/humble/share/geometry_msgs/cmake)
-- Found rosidl_generator_c: 3.1.5 (/opt/ros/humble/share/rosidl_generator_c/cmake)
-- Found rosidl_adapter: 3.1.5 (/opt/ros/humble/share/rosidl_adapter/cmake)
-- Found rosidl_generator_cpp: 3.1.5 (/opt/ros/humble/share/rosidl_generator_cpp/cmake)
-- Using all available rosidl_typesupport_c: rosidl_typesupport_fastrtps_c;rosidl_typesupport_introspection_c
-- Using all available rosidl_typesupport_cpp: rosidl_typesupport_fastrtps_cpp;rosidl_typesupport_introspection_cpp
-- Found ament_lint_auto: 0.12.11 (/opt/ros/humble/share/ament_lint_auto/cmake)
-- Added test 'copyright' to check source files copyright and LICENSE
-- Added test 'cppcheck' to perform static code analysis on C / C++ code
-- Configured cppcheck include dirs: 
-- Configured cppcheck exclude dirs and/or files: 
-- Added test 'cpplint' to check C / C++ code against the Google style
-- Configured cpplint exclude dirs and/or files: 
-- Added test 'flake8' to check Python code syntax and style conventions
-- Added test 'lint_cmake' to check CMake code style
-- Added test 'pep257' to check Python code against some of the docstring style conventions in PEP 257
-- Added test 'uncrustify' to check C / C++ code style
-- Configured uncrustify additional arguments: 
-- Added test 'xmllint' to check XML markup files
-- Configuring done
-- Generating done
-- Build files have been written to: /home/compo/team_ws/build/robot
-- Install configuration: ""
-- Execute custom install script
-- Symlinking: /home/compo/team_ws/install/robot/lib/robot/teleop_keyboard.py
-- Up-to-date symlink: /home/compo/team_ws/install/robot/share/robot/launch/launch_teleop.launch.py
-- Up-to-date symlink: /home/compo/team_ws/install/robot/share/ament_index/resource_index/package_run_dependencies/robot
-- Up-to-date symlink: /home/compo/team_ws/install/robot/share/ament_index/resource_index/parent_prefix_path/robot
-- Up-to-date symlink: /home/compo/team_ws/install/robot/share/robot/environment/ament_prefix_path.sh
-- Up-to-date symlink: /home/compo/team_ws/install/robot/share/robot/environment/ament_prefix_path.dsv
-- Up-to-date symlink: /home/compo/team_ws/install/robot/share/robot/environment/path.sh
-- Up-to-date symlink: /home/compo/team_ws/install/robot/share/robot/environment/path.dsv
-- Up-to-date symlink: /home/compo/team_ws/install/robot/share/robot/local_setup.bash
-- Up-to-date symlink: /home/compo/team_ws/install/robot/share/robot/local_setup.sh
-- Up-to-date symlink: /home/compo/team_ws/install/robot/share/robot/local_setup.zsh
-- Up-to-date symlink: /home/compo/team_ws/install/robot/share/robot/local_setup.dsv
-- Symlinking: /home/compo/team_ws/install/robot/share/robot/package.dsv
-- Up-to-date symlink: /home/compo/team_ws/install/robot/share/ament_index/resource_index/packages/robot
-- Up-to-date symlink: /home/compo/team_ws/install/robot/share/robot/cmake/ament_cmake_export_dependencies-extras.cmake
-- Up-to-date symlink: /home/compo/team_ws/install/robot/share/robot/cmake/robotConfig.cmake
-- Up-to-date symlink: /home/compo/team_ws/install/robot/share/robot/cmake/robotConfig-version.cmake
-- Up-to-date symlink: /home/compo/team_ws/install/robot/share/robot/package.xml
