[0.411s] [34mcolcon[0m [1;30mDEBUG[0m [32mCommand line arguments: ['/usr/bin/colcon', 'build', '--symlink-install'][0m
[0.411s] [34mcolcon[0m [1;30mDEBUG[0m [32mParsed command line arguments: Namespace(log_base=None, log_level=None, verb_name='build', build_base='build', install_base='install', merge_install=False, symlink_install=True, test_result_base=None, continue_on_error=False, executor='parallel', parallel_workers=8, event_handlers=None, ignore_user_meta=False, metas=['./colcon.meta'], base_paths=['.'], packages_ignore=None, packages_ignore_regex=None, paths=None, packages_up_to=None, packages_up_to_regex=None, packages_above=None, packages_above_and_dependencies=None, packages_above_depth=None, packages_select_by_dep=None, packages_skip_by_dep=None, packages_skip_up_to=None, packages_select_build_failed=False, packages_skip_build_finished=False, packages_select_test_failures=False, packages_skip_test_passed=False, packages_select=None, packages_skip=None, packages_select_regex=None, packages_skip_regex=None, packages_start=None, packages_end=None, allow_overriding=[], cmake_args=None, cmake_target=None, cmake_target_skip_unavailable=False, cmake_clean_cache=False, cmake_clean_first=False, cmake_force_configure=False, ament_cmake_args=None, catkin_cmake_args=None, catkin_skip_building_tests=False, verb_parser=<colcon_defaults.argument_parser.defaults.DefaultArgumentsDecorator object at 0x7264509135e0>, verb_extension=<colcon_core.verb.build.BuildVerb object at 0x726450b285b0>, main=<bound method BuildVerb.main of <colcon_core.verb.build.BuildVerb object at 0x726450b285b0>>)[0m
[0.526s] [34mcolcon.colcon_core.package_discovery[0m [1;30mLevel 1[0m discover_packages(colcon_meta) check parameters
[0.526s] [34mcolcon.colcon_core.package_discovery[0m [1;30mLevel 1[0m discover_packages(recursive) check parameters
[0.526s] [34mcolcon.colcon_core.package_discovery[0m [1;30mLevel 1[0m discover_packages(ignore) check parameters
[0.526s] [34mcolcon.colcon_core.package_discovery[0m [1;30mLevel 1[0m discover_packages(path) check parameters
[0.526s] [34mcolcon.colcon_core.package_discovery[0m [1;30mLevel 1[0m discover_packages(colcon_meta) discover
[0.526s] [34mcolcon.colcon_core.package_discovery[0m [1;30mLevel 1[0m discover_packages(recursive) discover
[0.526s] [34mcolcon.colcon_core.package_discovery[0m [1;30mINFO[0m Crawling recursively for packages in '/home/compo/team_ws'
[0.527s] [34mcolcon.colcon_core.package_identification[0m [1;30mLevel 1[0m _identify(.) by extensions ['ignore', 'ignore_ament_install']
[0.527s] [34mcolcon.colcon_core.package_identification[0m [1;30mLevel 1[0m _identify(.) by extension 'ignore'
[0.527s] [34mcolcon.colcon_core.package_identification[0m [1;30mLevel 1[0m _identify(.) by extension 'ignore_ament_install'
[0.527s] [34mcolcon.colcon_core.package_identification[0m [1;30mLevel 1[0m _identify(.) by extensions ['colcon_pkg']
[0.527s] [34mcolcon.colcon_core.package_identification[0m [1;30mLevel 1[0m _identify(.) by extension 'colcon_pkg'
[0.527s] [34mcolcon.colcon_core.package_identification[0m [1;30mLevel 1[0m _identify(.) by extensions ['colcon_meta']
[0.527s] [34mcolcon.colcon_core.package_identification[0m [1;30mLevel 1[0m _identify(.) by extension 'colcon_meta'
[0.527s] [34mcolcon.colcon_core.package_identification[0m [1;30mLevel 1[0m _identify(.) by extensions ['ros']
[0.527s] [34mcolcon.colcon_core.package_identification[0m [1;30mLevel 1[0m _identify(.) by extension 'ros'
[0.539s] [34mcolcon.colcon_core.package_identification[0m [1;30mLevel 1[0m _identify(.) by extensions ['cmake', 'python']
[0.539s] [34mcolcon.colcon_core.package_identification[0m [1;30mLevel 1[0m _identify(.) by extension 'cmake'
[0.539s] [34mcolcon.colcon_core.package_identification[0m [1;30mLevel 1[0m _identify(.) by extension 'python'
[0.539s] [34mcolcon.colcon_core.package_identification[0m [1;30mLevel 1[0m _identify(.) by extensions ['python_setup_py']
[0.539s] [34mcolcon.colcon_core.package_identification[0m [1;30mLevel 1[0m _identify(.) by extension 'python_setup_py'
[0.539s] [34mcolcon.colcon_core.package_identification[0m [1;30mLevel 1[0m _identify(build) by extensions ['ignore', 'ignore_ament_install']
[0.539s] [34mcolcon.colcon_core.package_identification[0m [1;30mLevel 1[0m _identify(build) by extension 'ignore'
[0.539s] [34mcolcon.colcon_core.package_identification[0m [1;30mLevel 1[0m _identify(build) ignored
[0.539s] [34mcolcon.colcon_core.package_identification[0m [1;30mLevel 1[0m _identify(install) by extensions ['ignore', 'ignore_ament_install']
[0.539s] [34mcolcon.colcon_core.package_identification[0m [1;30mLevel 1[0m _identify(install) by extension 'ignore'
[0.539s] [34mcolcon.colcon_core.package_identification[0m [1;30mLevel 1[0m _identify(install) ignored
[0.539s] [34mcolcon.colcon_core.package_identification[0m [1;30mLevel 1[0m _identify(log) by extensions ['ignore', 'ignore_ament_install']
[0.539s] [34mcolcon.colcon_core.package_identification[0m [1;30mLevel 1[0m _identify(log) by extension 'ignore'
[0.539s] [34mcolcon.colcon_core.package_identification[0m [1;30mLevel 1[0m _identify(log) ignored
[0.539s] [34mcolcon.colcon_core.package_identification[0m [1;30mLevel 1[0m _identify(src) by extensions ['ignore', 'ignore_ament_install']
[0.540s] [34mcolcon.colcon_core.package_identification[0m [1;30mLevel 1[0m _identify(src) by extension 'ignore'
[0.540s] [34mcolcon.colcon_core.package_identification[0m [1;30mLevel 1[0m _identify(src) by extension 'ignore_ament_install'
[0.540s] [34mcolcon.colcon_core.package_identification[0m [1;30mLevel 1[0m _identify(src) by extensions ['colcon_pkg']
[0.540s] [34mcolcon.colcon_core.package_identification[0m [1;30mLevel 1[0m _identify(src) by extension 'colcon_pkg'
[0.540s] [34mcolcon.colcon_core.package_identification[0m [1;30mLevel 1[0m _identify(src) by extensions ['colcon_meta']
[0.540s] [34mcolcon.colcon_core.package_identification[0m [1;30mLevel 1[0m _identify(src) by extension 'colcon_meta'
[0.540s] [34mcolcon.colcon_core.package_identification[0m [1;30mLevel 1[0m _identify(src) by extensions ['ros']
[0.540s] [34mcolcon.colcon_core.package_identification[0m [1;30mLevel 1[0m _identify(src) by extension 'ros'
[0.540s] [34mcolcon.colcon_core.package_identification[0m [1;30mLevel 1[0m _identify(src) by extensions ['cmake', 'python']
[0.540s] [34mcolcon.colcon_core.package_identification[0m [1;30mLevel 1[0m _identify(src) by extension 'cmake'
[0.540s] [34mcolcon.colcon_core.package_identification[0m [1;30mLevel 1[0m _identify(src) by extension 'python'
[0.540s] [34mcolcon.colcon_core.package_identification[0m [1;30mLevel 1[0m _identify(src) by extensions ['python_setup_py']
[0.540s] [34mcolcon.colcon_core.package_identification[0m [1;30mLevel 1[0m _identify(src) by extension 'python_setup_py'
[0.570s] [34mcolcon.colcon_core.package_identification[0m [1;30mLevel 1[0m _identify(src/build) by extensions ['ignore', 'ignore_ament_install']
[0.571s] [34mcolcon.colcon_core.package_identification[0m [1;30mLevel 1[0m _identify(src/build) by extension 'ignore'
[0.571s] [34mcolcon.colcon_core.package_identification[0m [1;30mLevel 1[0m _identify(src/build) ignored
[0.571s] [34mcolcon.colcon_core.package_identification[0m [1;30mLevel 1[0m _identify(src/install) by extensions ['ignore', 'ignore_ament_install']
[0.571s] [34mcolcon.colcon_core.package_identification[0m [1;30mLevel 1[0m _identify(src/install) by extension 'ignore'
[0.571s] [34mcolcon.colcon_core.package_identification[0m [1;30mLevel 1[0m _identify(src/install) ignored
[0.571s] [34mcolcon.colcon_core.package_identification[0m [1;30mLevel 1[0m _identify(src/joy_tester) by extensions ['ignore', 'ignore_ament_install']
[0.571s] [34mcolcon.colcon_core.package_identification[0m [1;30mLevel 1[0m _identify(src/joy_tester) by extension 'ignore'
[0.571s] [34mcolcon.colcon_core.package_identification[0m [1;30mLevel 1[0m _identify(src/joy_tester) by extension 'ignore_ament_install'
[0.571s] [34mcolcon.colcon_core.package_identification[0m [1;30mLevel 1[0m _identify(src/joy_tester) by extensions ['colcon_pkg']
[0.572s] [34mcolcon.colcon_core.package_identification[0m [1;30mLevel 1[0m _identify(src/joy_tester) by extension 'colcon_pkg'
[0.572s] [34mcolcon.colcon_core.package_identification[0m [1;30mLevel 1[0m _identify(src/joy_tester) by extensions ['colcon_meta']
[0.572s] [34mcolcon.colcon_core.package_identification[0m [1;30mLevel 1[0m _identify(src/joy_tester) by extension 'colcon_meta'
[0.572s] [34mcolcon.colcon_core.package_identification[0m [1;30mLevel 1[0m _identify(src/joy_tester) by extensions ['ros']
[0.572s] [34mcolcon.colcon_core.package_identification[0m [1;30mLevel 1[0m _identify(src/joy_tester) by extension 'ros'
[0.586s] [34mcolcon.colcon_core.package_identification[0m [1;30mDEBUG[0m [32mPackage 'src/joy_tester' with type 'ros.ament_python' and name 'joy_tester'[0m
[0.586s] [34mcolcon.colcon_core.package_identification[0m [1;30mLevel 1[0m _identify(src/log) by extensions ['ignore', 'ignore_ament_install']
[0.587s] [34mcolcon.colcon_core.package_identification[0m [1;30mLevel 1[0m _identify(src/log) by extension 'ignore'
[0.587s] [34mcolcon.colcon_core.package_identification[0m [1;30mLevel 1[0m _identify(src/log) ignored
[0.587s] [34mcolcon.colcon_core.package_identification[0m [1;30mLevel 1[0m _identify(src/robot) by extensions ['ignore', 'ignore_ament_install']
[0.587s] [34mcolcon.colcon_core.package_identification[0m [1;30mLevel 1[0m _identify(src/robot) by extension 'ignore'
[0.587s] [34mcolcon.colcon_core.package_identification[0m [1;30mLevel 1[0m _identify(src/robot) by extension 'ignore_ament_install'
[0.587s] [34mcolcon.colcon_core.package_identification[0m [1;30mLevel 1[0m _identify(src/robot) by extensions ['colcon_pkg']
[0.587s] [34mcolcon.colcon_core.package_identification[0m [1;30mLevel 1[0m _identify(src/robot) by extension 'colcon_pkg'
[0.587s] [34mcolcon.colcon_core.package_identification[0m [1;30mLevel 1[0m _identify(src/robot) by extensions ['colcon_meta']
[0.587s] [34mcolcon.colcon_core.package_identification[0m [1;30mLevel 1[0m _identify(src/robot) by extension 'colcon_meta'
[0.587s] [34mcolcon.colcon_core.package_identification[0m [1;30mLevel 1[0m _identify(src/robot) by extensions ['ros']
[0.587s] [34mcolcon.colcon_core.package_identification[0m [1;30mLevel 1[0m _identify(src/robot) by extension 'ros'
[0.588s] [34mcolcon.colcon_core.package_identification[0m [1;30mDEBUG[0m [32mPackage 'src/robot' with type 'ros.ament_cmake' and name 'robot'[0m
[0.588s] [34mcolcon.colcon_core.package_discovery[0m [1;30mLevel 1[0m discover_packages(recursive) using defaults
[0.588s] [34mcolcon.colcon_core.package_discovery[0m [1;30mLevel 1[0m discover_packages(ignore) discover
[0.588s] [34mcolcon.colcon_core.package_discovery[0m [1;30mLevel 1[0m discover_packages(ignore) using defaults
[0.588s] [34mcolcon.colcon_core.package_discovery[0m [1;30mLevel 1[0m discover_packages(path) discover
[0.588s] [34mcolcon.colcon_core.package_discovery[0m [1;30mLevel 1[0m discover_packages(path) using defaults
[0.731s] [34mcolcon.colcon_core.package_discovery[0m [1;30mLevel 1[0m discover_packages(prefix_path) check parameters
[0.732s] [34mcolcon.colcon_core.package_discovery[0m [1;30mLevel 1[0m discover_packages(prefix_path) discover
[0.734s] [34mcolcon.colcon_installed_package_information.package_discovery[0m [1;30mDEBUG[0m [32mFound 2 installed packages in /home/compo/team_ws/install[0m
[0.736s] [34mcolcon.colcon_installed_package_information.package_discovery[0m [1;30mDEBUG[0m [32mFound 330 installed packages in /opt/ros/humble[0m
[0.738s] [34mcolcon.colcon_core.package_discovery[0m [1;30mLevel 1[0m discover_packages(prefix_path) using defaults
[0.837s] [34mcolcon.colcon_core.verb[0m [1;30mLevel 5[0m set package 'joy_tester' build argument 'cmake_args' from command line to 'None'
[0.837s] [34mcolcon.colcon_core.verb[0m [1;30mLevel 5[0m set package 'joy_tester' build argument 'cmake_target' from command line to 'None'
[0.837s] [34mcolcon.colcon_core.verb[0m [1;30mLevel 5[0m set package 'joy_tester' build argument 'cmake_target_skip_unavailable' from command line to 'False'
[0.837s] [34mcolcon.colcon_core.verb[0m [1;30mLevel 5[0m set package 'joy_tester' build argument 'cmake_clean_cache' from command line to 'False'
[0.837s] [34mcolcon.colcon_core.verb[0m [1;30mLevel 5[0m set package 'joy_tester' build argument 'cmake_clean_first' from command line to 'False'
[0.837s] [34mcolcon.colcon_core.verb[0m [1;30mLevel 5[0m set package 'joy_tester' build argument 'cmake_force_configure' from command line to 'False'
[0.837s] [34mcolcon.colcon_core.verb[0m [1;30mLevel 5[0m set package 'joy_tester' build argument 'ament_cmake_args' from command line to 'None'
[0.837s] [34mcolcon.colcon_core.verb[0m [1;30mLevel 5[0m set package 'joy_tester' build argument 'catkin_cmake_args' from command line to 'None'
[0.837s] [34mcolcon.colcon_core.verb[0m [1;30mLevel 5[0m set package 'joy_tester' build argument 'catkin_skip_building_tests' from command line to 'False'
[0.837s] [34mcolcon.colcon_core.verb[0m [1;30mDEBUG[0m [32mBuilding package 'joy_tester' with the following arguments: {'ament_cmake_args': None, 'build_base': '/home/compo/team_ws/build/joy_tester', 'catkin_cmake_args': None, 'catkin_skip_building_tests': False, 'cmake_args': None, 'cmake_clean_cache': False, 'cmake_clean_first': False, 'cmake_force_configure': False, 'cmake_target': None, 'cmake_target_skip_unavailable': False, 'install_base': '/home/compo/team_ws/install/joy_tester', 'merge_install': False, 'path': '/home/compo/team_ws/src/joy_tester', 'symlink_install': True, 'test_result_base': None}[0m
[0.838s] [34mcolcon.colcon_core.verb[0m [1;30mLevel 5[0m set package 'robot' build argument 'cmake_args' from command line to 'None'
[0.838s] [34mcolcon.colcon_core.verb[0m [1;30mLevel 5[0m set package 'robot' build argument 'cmake_target' from command line to 'None'
[0.838s] [34mcolcon.colcon_core.verb[0m [1;30mLevel 5[0m set package 'robot' build argument 'cmake_target_skip_unavailable' from command line to 'False'
[0.838s] [34mcolcon.colcon_core.verb[0m [1;30mLevel 5[0m set package 'robot' build argument 'cmake_clean_cache' from command line to 'False'
[0.838s] [34mcolcon.colcon_core.verb[0m [1;30mLevel 5[0m set package 'robot' build argument 'cmake_clean_first' from command line to 'False'
[0.838s] [34mcolcon.colcon_core.verb[0m [1;30mLevel 5[0m set package 'robot' build argument 'cmake_force_configure' from command line to 'False'
[0.838s] [34mcolcon.colcon_core.verb[0m [1;30mLevel 5[0m set package 'robot' build argument 'ament_cmake_args' from command line to 'None'
[0.838s] [34mcolcon.colcon_core.verb[0m [1;30mLevel 5[0m set package 'robot' build argument 'catkin_cmake_args' from command line to 'None'
[0.838s] [34mcolcon.colcon_core.verb[0m [1;30mLevel 5[0m set package 'robot' build argument 'catkin_skip_building_tests' from command line to 'False'
[0.838s] [34mcolcon.colcon_core.verb[0m [1;30mDEBUG[0m [32mBuilding package 'robot' with the following arguments: {'ament_cmake_args': None, 'build_base': '/home/compo/team_ws/build/robot', 'catkin_cmake_args': None, 'catkin_skip_building_tests': False, 'cmake_args': None, 'cmake_clean_cache': False, 'cmake_clean_first': False, 'cmake_force_configure': False, 'cmake_target': None, 'cmake_target_skip_unavailable': False, 'install_base': '/home/compo/team_ws/install/robot', 'merge_install': False, 'path': '/home/compo/team_ws/src/robot', 'symlink_install': True, 'test_result_base': None}[0m
[0.838s] [34mcolcon.colcon_core.executor[0m [1;30mINFO[0m Executing jobs using 'parallel' executor
[0.839s] [34mcolcon.colcon_parallel_executor.executor.parallel[0m [1;30mDEBUG[0m [32mrun_until_complete[0m
[0.839s] [34mcolcon.colcon_ros.task.ament_python.build[0m [1;30mINFO[0m Building ROS package in '/home/compo/team_ws/src/joy_tester' with build type 'ament_python'
[0.839s] [34mcolcon.colcon_core.shell[0m [1;30mLevel 1[0m create_environment_hook('joy_tester', 'ament_prefix_path')
[0.842s] [34mcolcon.colcon_core.plugin_system[0m [1;30mINFO[0m Skipping extension 'colcon_core.shell.bat': Not used on non-Windows systems
[0.842s] [34mcolcon.colcon_core.shell[0m [1;30mINFO[0m Creating environment hook '/home/compo/team_ws/install/joy_tester/share/joy_tester/hook/ament_prefix_path.ps1'
[0.855s] [34mcolcon.colcon_core.shell[0m [1;30mINFO[0m Creating environment descriptor '/home/compo/team_ws/install/joy_tester/share/joy_tester/hook/ament_prefix_path.dsv'
[0.866s] [34mcolcon.colcon_core.shell[0m [1;30mINFO[0m Creating environment hook '/home/compo/team_ws/install/joy_tester/share/joy_tester/hook/ament_prefix_path.sh'
[0.867s] [34mcolcon.colcon_core.shell[0m [1;30mINFO[0m Skip shell extension 'powershell' for command environment: Not usable outside of PowerShell
[0.867s] [34mcolcon.colcon_core.shell[0m [1;30mDEBUG[0m [32mSkip shell extension 'dsv' for command environment[0m
[0.870s] [34mcolcon.colcon_ros.task.ament_cmake.build[0m [1;30mINFO[0m Building ROS package in '/home/compo/team_ws/src/robot' with build type 'ament_cmake'
[0.870s] [34mcolcon.colcon_cmake.task.cmake.build[0m [1;30mINFO[0m Building CMake package in '/home/compo/team_ws/src/robot'
[0.870s] [34mcolcon.colcon_core.shell[0m [1;30mINFO[0m Skip shell extension 'powershell' for command environment: Not usable outside of PowerShell
[0.870s] [34mcolcon.colcon_core.shell[0m [1;30mDEBUG[0m [32mSkip shell extension 'dsv' for command environment[0m
[1.096s] [34mcolcon.colcon_core.task.python.build[0m [1;30mINFO[0m Building Python package in '/home/compo/team_ws/src/joy_tester'
[1.097s] [34mcolcon.colcon_core.shell[0m [1;30mINFO[0m Skip shell extension 'powershell' for command environment: Not usable outside of PowerShell
[1.097s] [34mcolcon.colcon_core.shell[0m [1;30mDEBUG[0m [32mSkip shell extension 'dsv' for command environment[0m
[1.137s] [34mcolcon.colcon_core.event_handler.log_command[0m [1;30mDEBUG[0m [32mInvoking command in '/home/compo/team_ws/build/robot': CMAKE_PREFIX_PATH=${CMAKE_PREFIX_PATH}:/home/compo/team_ws/install/joy_tester:/opt/ros/humble /usr/bin/cmake --build /home/compo/team_ws/build/robot -- -j8 -l8[0m
[1.326s] [34mcolcon.colcon_core.event_handler.log_command[0m [1;30mDEBUG[0m [32mInvoked command in '/home/compo/team_ws/build/robot' returned '0': CMAKE_PREFIX_PATH=${CMAKE_PREFIX_PATH}:/home/compo/team_ws/install/joy_tester:/opt/ros/humble /usr/bin/cmake --build /home/compo/team_ws/build/robot -- -j8 -l8[0m
[1.356s] [34mcolcon.colcon_core.event_handler.log_command[0m [1;30mDEBUG[0m [32mInvoking command in '/home/compo/team_ws/build/robot': CMAKE_PREFIX_PATH=${CMAKE_PREFIX_PATH}:/home/compo/team_ws/install/joy_tester:/opt/ros/humble /usr/bin/cmake --install /home/compo/team_ws/build/robot[0m
[1.385s] [34mcolcon.colcon_core.environment[0m [1;30mLevel 1[0m create_environment_scripts_only(robot)
[1.385s] [34mcolcon.colcon_core.event_handler.log_command[0m [1;30mDEBUG[0m [32mInvoked command in '/home/compo/team_ws/build/robot' returned '0': CMAKE_PREFIX_PATH=${CMAKE_PREFIX_PATH}:/home/compo/team_ws/install/joy_tester:/opt/ros/humble /usr/bin/cmake --install /home/compo/team_ws/build/robot[0m
[1.390s] [34mcolcon.colcon_core.environment[0m [1;30mLevel 1[0m checking '/home/compo/team_ws/install/robot' for CMake module files
[1.391s] [34mcolcon.colcon_core.environment[0m [1;30mLevel 1[0m checking '/home/compo/team_ws/install/robot' for CMake config files
[1.391s] [34mcolcon.colcon_core.shell[0m [1;30mLevel 1[0m create_environment_hook('robot', 'cmake_prefix_path')
[1.392s] [34mcolcon.colcon_core.shell[0m [1;30mINFO[0m Creating environment hook '/home/compo/team_ws/install/robot/share/robot/hook/cmake_prefix_path.ps1'
[1.392s] [34mcolcon.colcon_core.shell[0m [1;30mINFO[0m Creating environment descriptor '/home/compo/team_ws/install/robot/share/robot/hook/cmake_prefix_path.dsv'
[1.393s] [34mcolcon.colcon_core.shell[0m [1;30mINFO[0m Creating environment hook '/home/compo/team_ws/install/robot/share/robot/hook/cmake_prefix_path.sh'
[1.393s] [34mcolcon.colcon_core.environment[0m [1;30mLevel 1[0m checking '/home/compo/team_ws/install/robot/lib'
[1.394s] [34mcolcon.colcon_core.environment[0m [1;30mLevel 1[0m checking '/home/compo/team_ws/install/robot/bin'
[1.394s] [34mcolcon.colcon_core.environment[0m [1;30mLevel 1[0m checking '/home/compo/team_ws/install/robot/lib/pkgconfig/robot.pc'
[1.394s] [34mcolcon.colcon_core.environment[0m [1;30mLevel 1[0m checking '/home/compo/team_ws/install/robot/lib/python3.10/site-packages'
[1.394s] [34mcolcon.colcon_core.environment[0m [1;30mLevel 1[0m checking '/home/compo/team_ws/install/robot/bin'
[1.395s] [34mcolcon.colcon_core.shell[0m [1;30mINFO[0m Creating package script '/home/compo/team_ws/install/robot/share/robot/package.ps1'
[1.396s] [34mcolcon.colcon_core.shell[0m [1;30mINFO[0m Creating package descriptor '/home/compo/team_ws/install/robot/share/robot/package.dsv'
[1.397s] [34mcolcon.colcon_core.shell[0m [1;30mINFO[0m Creating package script '/home/compo/team_ws/install/robot/share/robot/package.sh'
[1.398s] [34mcolcon.colcon_core.shell[0m [1;30mINFO[0m Creating package script '/home/compo/team_ws/install/robot/share/robot/package.bash'
[1.410s] [34mcolcon.colcon_core.shell[0m [1;30mINFO[0m Creating package script '/home/compo/team_ws/install/robot/share/robot/package.zsh'
[1.422s] [34mcolcon.colcon_core.environment[0m [1;30mLevel 1[0m create_file_with_runtime_dependencies(/home/compo/team_ws/install/robot/share/colcon-core/packages/robot)
[1.443s] [34mcolcon.colcon_core.environment[0m [1;30mLevel 1[0m create_environment_scripts_only(robot)
[1.443s] [34mcolcon.colcon_core.environment[0m [1;30mLevel 1[0m checking '/home/compo/team_ws/install/robot' for CMake module files
[1.444s] [34mcolcon.colcon_core.environment[0m [1;30mLevel 1[0m checking '/home/compo/team_ws/install/robot' for CMake config files
[1.445s] [34mcolcon.colcon_core.shell[0m [1;30mLevel 1[0m create_environment_hook('robot', 'cmake_prefix_path')
[1.445s] [34mcolcon.colcon_core.shell[0m [1;30mINFO[0m Creating environment hook '/home/compo/team_ws/install/robot/share/robot/hook/cmake_prefix_path.ps1'
[1.446s] [34mcolcon.colcon_core.shell[0m [1;30mINFO[0m Creating environment descriptor '/home/compo/team_ws/install/robot/share/robot/hook/cmake_prefix_path.dsv'
[1.446s] [34mcolcon.colcon_core.shell[0m [1;30mINFO[0m Creating environment hook '/home/compo/team_ws/install/robot/share/robot/hook/cmake_prefix_path.sh'
[1.447s] [34mcolcon.colcon_core.environment[0m [1;30mLevel 1[0m checking '/home/compo/team_ws/install/robot/lib'
[1.447s] [34mcolcon.colcon_core.environment[0m [1;30mLevel 1[0m checking '/home/compo/team_ws/install/robot/bin'
[1.447s] [34mcolcon.colcon_core.environment[0m [1;30mLevel 1[0m checking '/home/compo/team_ws/install/robot/lib/pkgconfig/robot.pc'
[1.447s] [34mcolcon.colcon_core.environment[0m [1;30mLevel 1[0m checking '/home/compo/team_ws/install/robot/lib/python3.10/site-packages'
[1.448s] [34mcolcon.colcon_core.environment[0m [1;30mLevel 1[0m checking '/home/compo/team_ws/install/robot/bin'
[1.448s] [34mcolcon.colcon_core.shell[0m [1;30mINFO[0m Creating package script '/home/compo/team_ws/install/robot/share/robot/package.ps1'
[1.449s] [34mcolcon.colcon_core.shell[0m [1;30mINFO[0m Creating package descriptor '/home/compo/team_ws/install/robot/share/robot/package.dsv'
[1.450s] [34mcolcon.colcon_core.shell[0m [1;30mINFO[0m Creating package script '/home/compo/team_ws/install/robot/share/robot/package.sh'
[1.450s] [34mcolcon.colcon_core.shell[0m [1;30mINFO[0m Creating package script '/home/compo/team_ws/install/robot/share/robot/package.bash'
[1.451s] [34mcolcon.colcon_core.shell[0m [1;30mINFO[0m Creating package script '/home/compo/team_ws/install/robot/share/robot/package.zsh'
[1.451s] [34mcolcon.colcon_core.environment[0m [1;30mLevel 1[0m create_file_with_runtime_dependencies(/home/compo/team_ws/install/robot/share/colcon-core/packages/robot)
[2.813s] [34mcolcon.colcon_core.event_handler.log_command[0m [1;30mDEBUG[0m [32mInvoking command in '/home/compo/team_ws/build/joy_tester': PYTHONPATH=/home/compo/team_ws/build/joy_tester/prefix_override:/home/compo/team_ws/install/joy_tester/lib/python3.10/site-packages:${PYTHONPATH} /usr/bin/python3 -W ignore:setup.py install is deprecated setup.py develop --editable --build-directory /home/compo/team_ws/build/joy_tester/build --no-deps symlink_data[0m
[3.489s] [34mcolcon.colcon_core.shell[0m [1;30mLevel 1[0m create_environment_hook('joy_tester', 'pythonpath_develop')
[3.489s] [34mcolcon.colcon_core.shell[0m [1;30mINFO[0m Creating environment hook '/home/compo/team_ws/build/joy_tester/share/joy_tester/hook/pythonpath_develop.ps1'
[3.489s] [34mcolcon.colcon_core.event_handler.log_command[0m [1;30mDEBUG[0m [32mInvoked command in '/home/compo/team_ws/build/joy_tester' returned '0': PYTHONPATH=/home/compo/team_ws/build/joy_tester/prefix_override:/home/compo/team_ws/install/joy_tester/lib/python3.10/site-packages:${PYTHONPATH} /usr/bin/python3 -W ignore:setup.py install is deprecated setup.py develop --editable --build-directory /home/compo/team_ws/build/joy_tester/build --no-deps symlink_data[0m
[3.490s] [34mcolcon.colcon_core.shell[0m [1;30mINFO[0m Creating environment descriptor '/home/compo/team_ws/build/joy_tester/share/joy_tester/hook/pythonpath_develop.dsv'
[3.490s] [34mcolcon.colcon_core.shell[0m [1;30mINFO[0m Creating environment hook '/home/compo/team_ws/build/joy_tester/share/joy_tester/hook/pythonpath_develop.sh'
[3.490s] [34mcolcon.colcon_core.environment[0m [1;30mLevel 1[0m checking '/home/compo/team_ws/install/joy_tester' for CMake module files
[3.491s] [34mcolcon.colcon_core.environment[0m [1;30mLevel 1[0m checking '/home/compo/team_ws/install/joy_tester' for CMake config files
[3.491s] [34mcolcon.colcon_core.environment[0m [1;30mLevel 1[0m checking '/home/compo/team_ws/install/joy_tester/lib'
[3.491s] [34mcolcon.colcon_core.environment[0m [1;30mLevel 1[0m checking '/home/compo/team_ws/install/joy_tester/bin'
[3.491s] [34mcolcon.colcon_core.environment[0m [1;30mLevel 1[0m checking '/home/compo/team_ws/install/joy_tester/lib/pkgconfig/joy_tester.pc'
[3.491s] [34mcolcon.colcon_core.environment[0m [1;30mLevel 1[0m checking '/home/compo/team_ws/install/joy_tester/lib/python3.10/site-packages'
[3.491s] [34mcolcon.colcon_core.shell[0m [1;30mLevel 1[0m create_environment_hook('joy_tester', 'pythonpath')
[3.492s] [34mcolcon.colcon_core.shell[0m [1;30mINFO[0m Creating environment hook '/home/compo/team_ws/install/joy_tester/share/joy_tester/hook/pythonpath.ps1'
[3.492s] [34mcolcon.colcon_core.shell[0m [1;30mINFO[0m Creating environment descriptor '/home/compo/team_ws/install/joy_tester/share/joy_tester/hook/pythonpath.dsv'
[3.492s] [34mcolcon.colcon_core.shell[0m [1;30mINFO[0m Creating environment hook '/home/compo/team_ws/install/joy_tester/share/joy_tester/hook/pythonpath.sh'
[3.492s] [34mcolcon.colcon_core.environment[0m [1;30mLevel 1[0m checking '/home/compo/team_ws/install/joy_tester/bin'
[3.492s] [34mcolcon.colcon_core.environment[0m [1;30mLevel 1[0m create_environment_scripts_only(joy_tester)
[3.493s] [34mcolcon.colcon_core.shell[0m [1;30mINFO[0m Creating package script '/home/compo/team_ws/install/joy_tester/share/joy_tester/package.ps1'
[3.493s] [34mcolcon.colcon_core.shell[0m [1;30mINFO[0m Creating package descriptor '/home/compo/team_ws/install/joy_tester/share/joy_tester/package.dsv'
[3.493s] [34mcolcon.colcon_core.shell[0m [1;30mINFO[0m Creating package script '/home/compo/team_ws/install/joy_tester/share/joy_tester/package.sh'
[3.494s] [34mcolcon.colcon_core.shell[0m [1;30mINFO[0m Creating package script '/home/compo/team_ws/install/joy_tester/share/joy_tester/package.bash'
[3.494s] [34mcolcon.colcon_core.shell[0m [1;30mINFO[0m Creating package script '/home/compo/team_ws/install/joy_tester/share/joy_tester/package.zsh'
[3.494s] [34mcolcon.colcon_core.environment[0m [1;30mLevel 1[0m create_file_with_runtime_dependencies(/home/compo/team_ws/install/joy_tester/share/colcon-core/packages/joy_tester)
[3.494s] [34mcolcon.colcon_parallel_executor.executor.parallel[0m [1;30mDEBUG[0m [32mclosing loop[0m
[3.495s] [34mcolcon.colcon_parallel_executor.executor.parallel[0m [1;30mDEBUG[0m [32mloop closed[0m
[3.495s] [34mcolcon.colcon_parallel_executor.executor.parallel[0m [1;30mDEBUG[0m [32mrun_until_complete finished with '0'[0m
[3.495s] [34mcolcon.colcon_core.event_reactor[0m [1;30mDEBUG[0m [32mjoining thread[0m
[3.511s] [34mcolcon.colcon_core.plugin_system[0m [1;30mINFO[0m Skipping extension 'colcon_notification.desktop_notification.terminal_notifier': Not used on non-Darwin systems
[3.511s] [34mcolcon.colcon_core.plugin_system[0m [1;30mINFO[0m Skipping extension 'colcon_notification.desktop_notification.win32': Not used on non-Windows systems
[3.511s] [34mcolcon.colcon_notification.desktop_notification[0m [1;30mINFO[0m Sending desktop notification using 'notify2'
[3.519s] [34mcolcon.colcon_core.event_reactor[0m [1;30mDEBUG[0m [32mjoined thread[0m
[3.519s] [34mcolcon.colcon_core.shell[0m [1;30mINFO[0m Creating prefix script '/home/compo/team_ws/install/local_setup.ps1'
[3.520s] [34mcolcon.colcon_core.shell[0m [1;30mINFO[0m Creating prefix util module '/home/compo/team_ws/install/_local_setup_util_ps1.py'
[3.521s] [34mcolcon.colcon_core.shell[0m [1;30mINFO[0m Creating prefix chain script '/home/compo/team_ws/install/setup.ps1'
[3.522s] [34mcolcon.colcon_core.shell[0m [1;30mINFO[0m Creating prefix script '/home/compo/team_ws/install/local_setup.sh'
[3.522s] [34mcolcon.colcon_core.shell[0m [1;30mINFO[0m Creating prefix util module '/home/compo/team_ws/install/_local_setup_util_sh.py'
[3.523s] [34mcolcon.colcon_core.shell[0m [1;30mINFO[0m Creating prefix chain script '/home/compo/team_ws/install/setup.sh'
[3.524s] [34mcolcon.colcon_core.shell[0m [1;30mINFO[0m Creating prefix script '/home/compo/team_ws/install/local_setup.bash'
[3.524s] [34mcolcon.colcon_core.shell[0m [1;30mINFO[0m Creating prefix chain script '/home/compo/team_ws/install/setup.bash'
[3.525s] [34mcolcon.colcon_core.shell[0m [1;30mINFO[0m Creating prefix script '/home/compo/team_ws/install/local_setup.zsh'
[3.525s] [34mcolcon.colcon_core.shell[0m [1;30mINFO[0m Creating prefix chain script '/home/compo/team_ws/install/setup.zsh'
