[0.010s] Invoking command in '/home/compo/team_ws/build/robot': CMAKE_PREFIX_PATH=${CMAKE_PREFIX_PATH}:/opt/ros/humble /usr/bin/cmake /home/compo/team_ws/src/robot -DAMENT_CMAKE_SYMLINK_INSTALL=1 -DCMAKE_INSTALL_PREFIX=/home/compo/team_ws/install/robot
[0.023s] -- Found ament_cmake: 1.3.9 (/opt/ros/humble/share/ament_cmake/cmake)
[0.126s] -- Override CMake install command with custom implementation using symlinks instead of copying resources
[0.133s] -- Found rclpy: 3.3.13 (/opt/ros/humble/share/rclpy/cmake)
[0.133s] -- Found geometry_msgs: 4.2.4 (/opt/ros/humble/share/geometry_msgs/cmake)
[0.164s] -- Found rosidl_generator_c: 3.1.5 (/opt/ros/humble/share/rosidl_generator_c/cmake)
[0.166s] -- Found rosidl_adapter: 3.1.5 (/opt/ros/humble/share/rosidl_adapter/cmake)
[0.173s] -- Found rosidl_generator_cpp: 3.1.5 (/opt/ros/humble/share/rosidl_generator_cpp/cmake)
[0.186s] -- Using all available rosidl_typesupport_c: rosidl_typesupport_fastrtps_c;rosidl_typesupport_introspection_c
[0.203s] -- Using all available rosidl_typesupport_cpp: rosidl_typesupport_fastrtps_cpp;rosidl_typesupport_introspection_cpp
[0.335s] -- Found ament_lint_auto: 0.12.11 (/opt/ros/humble/share/ament_lint_auto/cmake)
[0.394s] -- Added test 'copyright' to check source files copyright and LICENSE
[0.396s] -- Added test 'cppcheck' to perform static code analysis on C / C++ code
[0.396s] -- Configured cppcheck include dirs: 
[0.396s] -- Configured cppcheck exclude dirs and/or files: 
[0.398s] -- Added test 'cpplint' to check C / C++ code against the Google style
[0.398s] -- Configured cpplint exclude dirs and/or files: 
[0.399s] -- Added test 'flake8' to check Python code syntax and style conventions
[0.399s] -- Added test 'lint_cmake' to check CMake code style
[0.400s] -- Added test 'pep257' to check Python code against some of the docstring style conventions in PEP 257
[0.402s] -- Added test 'uncrustify' to check C / C++ code style
[0.402s] -- Configured uncrustify additional arguments: 
[0.403s] -- Added test 'xmllint' to check XML markup files
[0.404s] -- Configuring done
[0.407s] -- Generating done
[0.408s] -- Build files have been written to: /home/compo/team_ws/build/robot
[0.412s] Invoked command in '/home/compo/team_ws/build/robot' returned '0': CMAKE_PREFIX_PATH=${CMAKE_PREFIX_PATH}:/opt/ros/humble /usr/bin/cmake /home/compo/team_ws/src/robot -DAMENT_CMAKE_SYMLINK_INSTALL=1 -DCMAKE_INSTALL_PREFIX=/home/compo/team_ws/install/robot
[0.414s] Invoking command in '/home/compo/team_ws/build/robot': CMAKE_PREFIX_PATH=${CMAKE_PREFIX_PATH}:/opt/ros/humble /usr/bin/cmake --build /home/compo/team_ws/build/robot -- -j8 -l8
[0.448s] Invoked command in '/home/compo/team_ws/build/robot' returned '0': CMAKE_PREFIX_PATH=${CMAKE_PREFIX_PATH}:/opt/ros/humble /usr/bin/cmake --build /home/compo/team_ws/build/robot -- -j8 -l8
[0.476s] Invoking command in '/home/compo/team_ws/build/robot': CMAKE_PREFIX_PATH=${CMAKE_PREFIX_PATH}:/opt/ros/humble /usr/bin/cmake --install /home/compo/team_ws/build/robot
[0.482s] -- Install configuration: ""
[0.482s] -- Execute custom install script
[0.482s] -- Symlinking: /home/compo/team_ws/install/robot/lib/robot/teleop.py
[0.489s] -- Symlinking: /home/compo/team_ws/install/robot/share/robot/launch/launch_teleop.launch.py
[0.498s] -- Symlinking: /home/compo/team_ws/install/robot/share/ament_index/resource_index/package_run_dependencies/robot
[0.505s] -- Symlinking: /home/compo/team_ws/install/robot/share/ament_index/resource_index/parent_prefix_path/robot
[0.513s] -- Symlinking: /home/compo/team_ws/install/robot/share/robot/environment/ament_prefix_path.sh
[0.520s] -- Symlinking: /home/compo/team_ws/install/robot/share/robot/environment/ament_prefix_path.dsv
[0.527s] -- Symlinking: /home/compo/team_ws/install/robot/share/robot/environment/path.sh
[0.535s] -- Symlinking: /home/compo/team_ws/install/robot/share/robot/environment/path.dsv
[0.543s] -- Symlinking: /home/compo/team_ws/install/robot/share/robot/local_setup.bash
[0.551s] -- Symlinking: /home/compo/team_ws/install/robot/share/robot/local_setup.sh
[0.559s] -- Symlinking: /home/compo/team_ws/install/robot/share/robot/local_setup.zsh
[0.567s] -- Symlinking: /home/compo/team_ws/install/robot/share/robot/local_setup.dsv
[0.576s] -- Symlinking: /home/compo/team_ws/install/robot/share/robot/package.dsv
[0.583s] -- Symlinking: /home/compo/team_ws/install/robot/share/ament_index/resource_index/packages/robot
[0.590s] -- Symlinking: /home/compo/team_ws/install/robot/share/robot/cmake/ament_cmake_export_dependencies-extras.cmake
[0.598s] -- Symlinking: /home/compo/team_ws/install/robot/share/robot/cmake/robotConfig.cmake
[0.605s] -- Symlinking: /home/compo/team_ws/install/robot/share/robot/cmake/robotConfig-version.cmake
[0.613s] -- Symlinking: /home/compo/team_ws/install/robot/share/robot/package.xml
[0.622s] Invoked command in '/home/compo/team_ws/build/robot' returned '0': CMAKE_PREFIX_PATH=${CMAKE_PREFIX_PATH}:/opt/ros/humble /usr/bin/cmake --install /home/compo/team_ws/build/robot
